<?xml version="1.0" encoding="UTF-8" ?>
<testsuite errors="0" failures="0" hostname="DESKTOP-1CAVFOU" name="RationalTest" skipped="0" tests="33" time="0.066" timestamp="2567-09-07T19:00:21">
  <properties>
[...]
</properties>
  <testcase classname="RationalTest" name="multiplyZeroDenominator" time="0.006" />
  <testcase classname="RationalTest" name="subtractPositive" time="0.0" />
  <testcase classname="RationalTest" name="compareEquals" time="0.0" />
  <testcase classname="RationalTest" name="compareZeroDenominator" time="0.001" />
  <testcase classname="RationalTest" name="divideWholeNumber" time="0.0" />
  <testcase classname="RationalTest" name="subtractNegative" time="0.0" />
  <testcase classname="RationalTest" name="notEqualsDifferentObject" time="0.0" />
  <testcase classname="RationalTest" name="dividePositive" time="0.0" />
  <testcase classname="RationalTest" name="addZeroNumerator" time="0.0" />
  <testcase classname="RationalTest" name="subtractZeroNumerator" time="0.0" />
  <testcase classname="RationalTest" name="divideNegative" time="0.0" />
  <testcase classname="RationalTest" name="divideZeroNumerator" time="0.0" />
  <testcase classname="RationalTest" name="compareToOtherObject" time="0.001" />
  <testcase classname="RationalTest" name="compareLess" time="0.0" />
  <testcase classname="RationalTest" name="notEqualsDenominators" time="0.0" />
  <testcase classname="RationalTest" name="addPositive" time="0.0" />
  <testcase classname="RationalTest" name="multiplyWholeNumber" time="0.0" />
  <testcase classname="RationalTest" name="addNegative" time="0.0" />
  <testcase classname="RationalTest" name="subtractWholeNumber" time="0.0" />
  <testcase classname="RationalTest" name="divideZeroDenominator" time="0.0" />
  <testcase classname="RationalTest" name="multiplyPositive" time="0.0" />
  <testcase classname="RationalTest" name="addWholeNumber" time="0.001" />
  <testcase classname="RationalTest" name="multiplyNegative" time="0.0" />
  <testcase classname="RationalTest" name="toStringTest" time="0.0" />
  <testcase classname="RationalTest" name="zeroDenomConstructor" time="0.0" />
  <testcase classname="RationalTest" name="equalsRationals" time="0.0" />
  <testcase classname="RationalTest" name="compareGreater" time="0.0" />
  <testcase classname="RationalTest" name="notEquals" time="0.0" />
  <testcase classname="RationalTest" name="subtractZeroDenominator" time="0.0" />
  <testcase classname="RationalTest" name="EqualsZeroDenominators" time="0.001" />
  <testcase classname="RationalTest" name="addZeroDenominator" time="0.0" />
  <testcase classname="RationalTest" name="notEqualsNumerators" time="0.0" />
  <testcase classname="RationalTest" name="multiplyZeroNumerator" time="0.0" />
  <system-out><![CDATA[]]></system-out>
  <system-err><![CDATA[]]></system-err>
</testsuite>
